Build started 1/16/2020 11:59:58 AM.
     1>Project "c:\Users\dariusz.cabala\documents\visual studio 2010\Projects\Bydlak\Bydlak\Bydlak.vcxproj" on node 2 (build target(s)).
     1>InitializeBuildStatus:
         Creating "Debug\Bydlak.unsuccessfulbuild" because "AlwaysCreate" was specified.
       ClCompile:
         C:\Program Files (x86)\Microsoft Visual Studio 10.0\VC\bin\CL.exe /c /I"C:\Users\dariusz.cabala\Downloads\SystemCMarian\systemc-2.3.0a\systemc-2.3.0a\src" /ZI /nologo /W3 /WX- /Od /Oy- /D WIN32 /D _DEBUG /D _CONSOLE /D _UNICODE /D UNICODE /Gm /EHsc /RTC1 /MTd /GS /fp:precise /Zc:wchar_t /Zc:forScope /GR /Fo"Debug\\" /Fd"Debug\vc100.pdb" /Gd /TP /analyze- /errorReport:prompt "..\..\..\..\..\..\..\Projects\SW-projekt-master\SW-projekt-master\Bydlak.cpp" "..\..\..\..\..\..\..\Projects\SW-projekt-master\SW-projekt-master\procesor1.cpp" "..\..\..\..\..\..\..\Projects\SW-projekt-master\SW-projekt-master\slider.cpp" /vmg 
         procesor1.cpp
     1>c:\users\dariusz.cabala\downloads\systemcmarian\systemc-2.3.0a\systemc-2.3.0a\src\sysc\datatypes\int\sc_nbutils.h(99): warning C4996: 'sprintf': This function or variable may be unsafe. Consider using sprintf_s instead. To disable deprecation, use _CRT_SECURE_NO_WARNINGS. See online help for details.
                 c:\program files (x86)\microsoft visual studio 10.0\vc\include\stdio.h(371) : see declaration of 'sprintf'
         Unknown compiler version - please run the configure tests and report the results
         Bydlak.cpp
     1>c:\users\dariusz.cabala\downloads\systemcmarian\systemc-2.3.0a\systemc-2.3.0a\src\sysc\datatypes\int\sc_nbutils.h(99): warning C4996: 'sprintf': This function or variable may be unsafe. Consider using sprintf_s instead. To disable deprecation, use _CRT_SECURE_NO_WARNINGS. See online help for details.
                 c:\program files (x86)\microsoft visual studio 10.0\vc\include\stdio.h(371) : see declaration of 'sprintf'
         Unknown compiler version - please run the configure tests and report the results
         Generating Code...
         Skipping... (no relevant changes detected)
         slider.cpp
       ManifestResourceCompile:
         All outputs are up-to-date.
       Link:
         C:\Program Files (x86)\Microsoft Visual Studio 10.0\VC\bin\link.exe /ERRORREPORT:PROMPT /OUT:"c:\users\dariusz.cabala\documents\visual studio 2010\Projects\Bydlak\Debug\Bydlak.exe" /INCREMENTAL /NOLOGO /LIBPATH:"C:\Users\dariusz.cabala\Downloads\SystemCMarian\systemc-2.3.0a\systemc-2.3.0a\msvc80\SystemC\Debug" systemc.lib kernel32.lib user32.lib gdi32.lib winspool.lib comdlg32.lib advapi32.lib shell32.lib ole32.lib oleaut32.lib uuid.lib odbc32.lib odbccp32.lib /MANIFEST /ManifestFile:"Debug\Bydlak.exe.intermediate.manifest" /MANIFESTUAC:"level='asInvoker' uiAccess='false'" /DEBUG /PDB:"c:\users\dariusz.cabala\documents\visual studio 2010\Projects\Bydlak\Debug\Bydlak.pdb" /SUBSYSTEM:CONSOLE /TLBID:1 /DYNAMICBASE /NXCOMPAT /IMPLIB:"c:\users\dariusz.cabala\documents\visual studio 2010\Projects\Bydlak\Debug\Bydlak.lib" /MACHINE:X86 Debug\Bydlak.exe.embed.manifest.res
         Debug\Bydlak.obj
         Debug\nasz_modul.obj
         Debug\procesor1.obj
         Debug\procesor2.obj
         Debug\slider.obj
         Debug\szyna.obj
         LINK : c:\users\dariusz.cabala\documents\visual studio 2010\Projects\Bydlak\Debug\Bydlak.exe not found or not built by the last incremental link; performing full link
       Manifest:
         C:\Program Files (x86)\Microsoft SDKs\Windows\v7.0A\bin\mt.exe /nologo /verbose /out:"Debug\Bydlak.exe.embed.manifest" /manifest Debug\Bydlak.exe.intermediate.manifest
         All outputs are up-to-date.
       LinkEmbedManifest:
         All outputs are up-to-date.
         Bydlak.vcxproj -> c:\users\dariusz.cabala\documents\visual studio 2010\Projects\Bydlak\Debug\Bydlak.exe
       FinalizeBuildStatus:
         Deleting file "Debug\Bydlak.unsuccessfulbuild".
         Touching "Debug\Bydlak.lastbuildstate".
     1>Done Building Project "c:\Users\dariusz.cabala\documents\visual studio 2010\Projects\Bydlak\Bydlak\Bydlak.vcxproj" (build target(s)).

Build succeeded.

Time Elapsed 00:00:07.13
